<?xml version="1.0" encoding="UTF-8"?>
<!-- Generated by org.testng.reporters.JUnitReportReporter -->
<testsuite ignored="0" hostname="HJIMENEZ-LAP" failures="0" tests="1" name="Test.TestNGej" time="0.015" errors="0" timestamp="14 nov. 2020 02:37:31 GMT" skipped="0">
  <testcase classname="Test.TestNGej" name="f" time="0.015"/>
</testsuite> <!-- Test.TestNGej -->
